15:26:32; ÒÚ‡Ú
15:30:30; —Å—Ç–∞—Ä—Ç
15:30:34; –ü–µ—á–∞—Ç—å —Å–ø—Ä–∞–≤–æ—á–Ω–∏–∫–∞
15:30:35; —Å—Ç–∞—Ä—Ç
15:30:38; –ü–æ–∏—Å–∫ –≤ —Ñ–∞–π–ª–µ
15:52:04; —Å—Ç–∞—Ä—Ç
15:53:11; —Å—Ç–∞—Ä—Ç
15:58:01; —Å—Ç–∞—Ä—Ç
15:59:44; —Å—Ç–∞—Ä—Ç
16:01:10; —Å—Ç–∞—Ä—Ç
16:01:17; –ß—Ç–µ–Ω–∏–µ —Ñ–∞–π–ª–∞
16:14:53; —Å—Ç–∞—Ä—Ç
16:49:49; —Å—Ç–∞—Ä—Ç
16:49:52; –≠–∫—Å–ø–æ—Ä—Ç –≤ csv
16:51:04; —Å—Ç–∞—Ä—Ç
16:51:09; –≠–∫—Å–ø–æ—Ä—Ç –≤ csv
16:51:55; —Å—Ç–∞—Ä—Ç
16:51:57; –≠–∫—Å–ø–æ—Ä—Ç –≤ csv
16:54:12; —Å—Ç–∞—Ä—Ç
16:54:14; –≠–∫—Å–ø–æ—Ä—Ç –≤ csv
16:54:26; —Å—Ç–∞—Ä—Ç
16:54:28; –≠–∫—Å–ø–æ—Ä—Ç –≤ csv
